start calculate EX
                     simple               moderate             challenging          total               
count                8                    17                   5                    30                  
======================================    EX   =====================================
EX                   37.50                23.53                40.00                30.00               
===========================================================================================
Finished EX evaluation for mini dev set

start calculate EX
                     simple               moderate             challenging          total               
count                8                    17                   5                    30                  
======================================    EX   =====================================
EX                   37.50                17.65                40.00                26.67               
===========================================================================================
Finished EX evaluation for mini dev set

start calculate EX
                     simple               moderate             challenging          total               
count                54                   30                   5                    89                  
======================================    EX   =====================================
EX                   53.70                30.00                40.00                44.94               
===========================================================================================
Finished EX evaluation for mini dev set

